<?xml version="1.0" encoding="UTF-8"?>
<!-- Generated by org.testng.reporters.JUnitXMLReporter -->
<testsuite ignored="0" hostname="LAPTOP-HP9CCJK0" failures="1" tests="1" name="SanityTests" time="0.055" errors="0" timestamp="2025-05-24T20:13:04 IDT">
  <testcase classname="tests.SanityTest" name="sanityTest_siteLoads" time="0.013">
    <failure type="java.lang.NullPointerException" message="Cannot invoke &amp;quot;org.openqa.selenium.WebDriver.get(String)&amp;quot; because &amp;quot;this.driver&amp;quot; is null">
      <![CDATA[java.lang.NullPointerException: Cannot invoke "org.openqa.selenium.WebDriver.get(String)" because "this.driver" is null
at pages.HomePage.goToHomePage(HomePage.java:16)
at tests.SanityTest.sanityTest_siteLoads(SanityTest.java:12)
at java.base/java.util.ArrayList.forEach(ArrayList.java:1597)
... Removed 25 stack frames]]>
    </failure>
  </testcase> <!-- sanityTest_siteLoads -->
</testsuite> <!-- SanityTests -->
